# JRE version: OpenJDK Runtime Environment (8.0_152) (build 1.8.0_152-release-1343-b16-5323222)
# Java VM: OpenJDK 64-Bit Server VM (25.152-b16-5323222 mixed mode linux-amd64 compressed oops)
Heap:
 PSYoungGen      total 354304K, used 32760K [0x00000000e0000000, 0x00000000fa080000, 0x0000000100000000)
  eden space 321536K, 0% used [0x00000000e0000000,0x00000000e0000000,0x00000000f3a00000)
  from space 32768K, 99% used [0x00000000f3a00000,0x00000000f59fe010,0x00000000f5a00000)
  to   space 34304K, 0% used [0x00000000f5a00000,0x00000000f5a00000,0x00000000f7b80000)
 ParOldGen       total 109568K, used 67017K [0x00000000a0000000, 0x00000000a6b00000, 0x00000000e0000000)
  object space 109568K, 61% used [0x00000000a0000000,0x00000000a41725c0,0x00000000a6b00000)
 Metaspace       used 94959K, capacity 97854K, committed 99864K, reserved 1136640K
  class space    used 11766K, capacity 12405K, committed 12832K, reserved 1048576K
GC Heap History (10 events):
Event: 6424,171 GC heap after
Heap after GC invocations=18 (full 3):
 PSYoungGen      total 271872K, used 21428K [0x00000000e0000000, 0x00000000f4a00000, 0x0000000100000000)
  eden space 250368K, 0% used [0x00000000e0000000,0x00000000e0000000,0x00000000ef480000)
  from space 21504K, 99% used [0x00000000f2400000,0x00000000f38ed2e8,0x00000000f3900000)
  to   space 17408K, 0% used [0x00000000f3900000,0x00000000f3900000,0x00000000f4a00000)
 ParOldGen       total 92672K, used 36221K [0x00000000a0000000, 0x00000000a5a80000, 0x00000000e0000000)
  object space 92672K, 39% used [0x00000000a0000000,0x00000000a235f458,0x00000000a5a80000)
 Metaspace       used 76063K, capacity 79142K, committed 79384K, reserved 1118208K
  class space    used 9776K, capacity 10477K, committed 10528K, reserved 1048576K
}
Event: 6430,569 GC heap before
{Heap before GC invocations=19 (full 3):
 PSYoungGen      total 271872K, used 271796K [0x00000000e0000000, 0x00000000f4a00000, 0x0000000100000000)
  eden space 250368K, 100% used [0x00000000e0000000,0x00000000ef480000,0x00000000ef480000)
  from space 21504K, 99% used [0x00000000f2400000,0x00000000f38ed2e8,0x00000000f3900000)
  to   space 17408K, 0% used [0x00000000f3900000,0x00000000f3900000,0x00000000f4a00000)
 ParOldGen       total 92672K, used 36221K [0x00000000a0000000, 0x00000000a5a80000, 0x00000000e0000000)
  object space 92672K, 39% used [0x00000000a0000000,0x00000000a235f458,0x00000000a5a80000)
 Metaspace       used 80034K, capacity 83214K, committed 83352K, reserved 1122304K
  class space    used 10183K, capacity 10887K, committed 10912K, reserved 1048576K
Event: 6430,861 GC heap after
Heap after GC invocations=19 (full 3):
 PSYoungGen      total 306688K, used 17383K [0x00000000e0000000, 0x00000000f5780000, 0x0000000100000000)
  eden space 289280K, 0% used [0x00000000e0000000,0x00000000e0000000,0x00000000f1a80000)
  from space 17408K, 99% used [0x00000000f3900000,0x00000000f49f9e80,0x00000000f4a00000)
  to   space 31232K, 0% used [0x00000000f1a80000,0x00000000f1a80000,0x00000000f3900000)
 ParOldGen       total 92672K, used 41954K [0x00000000a0000000, 0x00000000a5a80000, 0x00000000e0000000)
  object space 92672K, 45% used [0x00000000a0000000,0x00000000a28f8968,0x00000000a5a80000)
 Metaspace       used 80034K, capacity 83214K, committed 83352K, reserved 1122304K
  class space    used 10183K, capacity 10887K, committed 10912K, reserved 1048576K
}
Event: 6437,607 GC heap before
{Heap before GC invocations=20 (full 3):
 PSYoungGen      total 306688K, used 306663K [0x00000000e0000000, 0x00000000f5780000, 0x0000000100000000)
  eden space 289280K, 100% used [0x00000000e0000000,0x00000000f1a80000,0x00000000f1a80000)
  from space 17408K, 99% used [0x00000000f3900000,0x00000000f49f9e80,0x00000000f4a00000)
  to   space 31232K, 0% used [0x00000000f1a80000,0x00000000f1a80000,0x00000000f3900000)
 ParOldGen       total 92672K, used 41954K [0x00000000a0000000, 0x00000000a5a80000, 0x00000000e0000000)
  object space 92672K, 45% used [0x00000000a0000000,0x00000000a28f8968,0x00000000a5a80000)
 Metaspace       used 94427K, capacity 98356K, committed 98584K, reserved 1134592K
  class space    used 11892K, capacity 12774K, committed 12832K, reserved 1048576K
Event: 6437,733 GC heap after
Heap after GC invocations=20 (full 3):
 PSYoungGen      total 320512K, used 27463K [0x00000000e0000000, 0x00000000f7b80000, 0x0000000100000000)
  eden space 289280K, 0% used [0x00000000e0000000,0x00000000e0000000,0x00000000f1a80000)
  from space 31232K, 87% used [0x00000000f1a80000,0x00000000f3551c08,0x00000000f3900000)
  to   space 34304K, 0% used [0x00000000f5a00000,0x00000000f5a00000,0x00000000f7b80000)
 ParOldGen       total 92672K, used 48769K [0x00000000a0000000, 0x00000000a5a80000, 0x00000000e0000000)
  object space 92672K, 52% used [0x00000000a0000000,0x00000000a2fa06e8,0x00000000a5a80000)
 Metaspace       used 94427K, capacity 98356K, committed 98584K, reserved 1134592K
  class space    used 11892K, capacity 12774K, committed 12832K, reserved 1048576K
}
Event: 6437,819 GC heap before
{Heap before GC invocations=21 (full 3):
 PSYoungGen      total 320512K, used 31263K [0x00000000e0000000, 0x00000000f7b80000, 0x0000000100000000)
  eden space 289280K, 1% used [0x00000000e0000000,0x00000000e03b6238,0x00000000f1a80000)
  from space 31232K, 87% used [0x00000000f1a80000,0x00000000f3551c08,0x00000000f3900000)
  to   space 34304K, 0% used [0x00000000f5a00000,0x00000000f5a00000,0x00000000f7b80000)
 ParOldGen       total 92672K, used 48769K [0x00000000a0000000, 0x00000000a5a80000, 0x00000000e0000000)
  object space 92672K, 52% used [0x00000000a0000000,0x00000000a2fa06e8,0x00000000a5a80000)
 Metaspace       used 94560K, capacity 98558K, committed 98600K, reserved 1134592K
  class space    used 11909K, capacity 12797K, committed 12832K, reserved 1048576K
Event: 6437,842 GC heap after
Heap after GC invocations=21 (full 3):
 PSYoungGen      total 355840K, used 16520K [0x00000000e0000000, 0x00000000fa080000, 0x0000000100000000)
  eden space 321536K, 0% used [0x00000000e0000000,0x00000000e0000000,0x00000000f3a00000)
  from space 34304K, 48% used [0x00000000f5a00000,0x00000000f6a22000,0x00000000f7b80000)
  to   space 32768K, 0% used [0x00000000f3a00000,0x00000000f3a00000,0x00000000f5a00000)
 ParOldGen       total 92672K, used 48777K [0x00000000a0000000, 0x00000000a5a80000, 0x00000000e0000000)
  object space 92672K, 52% used [0x00000000a0000000,0x00000000a2fa26e8,0x00000000a5a80000)
 Metaspace       used 94560K, capacity 98558K, committed 98600K, reserved 1134592K
  class space    used 11909K, capacity 12797K, committed 12832K, reserved 1048576K
}
Event: 6437,843 GC heap before
{Heap before GC invocations=22 (full 4):
 PSYoungGen      total 355840K, used 16520K [0x00000000e0000000, 0x00000000fa080000, 0x0000000100000000)
  eden space 321536K, 0% used [0x00000000e0000000,0x00000000e0000000,0x00000000f3a00000)
  from space 34304K, 48% used [0x00000000f5a00000,0x00000000f6a22000,0x00000000f7b80000)
  to   space 32768K, 0% used [0x00000000f3a00000,0x00000000f3a00000,0x00000000f5a00000)
 ParOldGen       total 92672K, used 48777K [0x00000000a0000000, 0x00000000a5a80000, 0x00000000e0000000)
  object space 92672K, 52% used [0x00000000a0000000,0x00000000a2fa26e8,0x00000000a5a80000)
 Metaspace       used 94560K, capacity 98558K, committed 98600K, reserved 1134592K
  class space    used 11909K, capacity 12797K, committed 12832K, reserved 1048576K
Event: 6440,826 GC heap after
Heap after GC invocations=22 (full 4):
 PSYoungGen      total 355840K, used 0K [0x00000000e0000000, 0x00000000fa080000, 0x0000000100000000)
  eden space 321536K, 0% used [0x00000000e0000000,0x00000000e0000000,0x00000000f3a00000)
  from space 34304K, 0% used [0x00000000f5a00000,0x00000000f5a00000,0x00000000f7b80000)
  to   space 32768K, 0% used [0x00000000f3a00000,0x00000000f3a00000,0x00000000f5a00000)
 ParOldGen       total 109568K, used 43222K [0x00000000a0000000, 0x00000000a6b00000, 0x00000000e0000000)
  object space 109568K, 39% used [0x00000000a0000000,0x00000000a2a359d0,0x00000000a6b00000)
 Metaspace       used 93020K, capacity 95770K, committed 98600K, reserved 1134592K
  class space    used 11621K, capacity 12249K, committed 12832K, reserved 1048576K
}
Event: 6445,228 GC heap before
{Heap before GC invocations=23 (full 4):
 PSYoungGen      total 355840K, used 321536K [0x00000000e0000000, 0x00000000fa080000, 0x0000000100000000)
  eden space 321536K, 100% used [0x00000000e0000000,0x00000000f3a00000,0x00000000f3a00000)
  from space 34304K, 0% used [0x00000000f5a00000,0x00000000f5a00000,0x00000000f7b80000)
  to   space 32768K, 0% used [0x00000000f3a00000,0x00000000f3a00000,0x00000000f5a00000)
 ParOldGen       total 109568K, used 43222K [0x00000000a0000000, 0x00000000a6b00000, 0x00000000e0000000)
  object space 109568K, 39% used [0x00000000a0000000,0x00000000a2a359d0,0x00000000a6b00000)
 Metaspace       used 94959K, capacity 97854K, committed 99864K, reserved 1136640K
  class space    used 11766K, capacity 12405K, committed 12832K, reserved 1048576K

